{"contracts/Lottery.sol":{"l":{"54":3,"55":3,"56":3,"57":3,"58":3,"59":3,"60":3,"61":3,"65":5,"66":1,"68":4,"69":1,"71":3,"73":3,"87":1,"88":1,"89":1,"90":1,"91":1,"95":1,"96":1,"97":0,"99":1,"103":1,"110":1,"116":0,"117":0,"118":0,"119":0,"121":0,"122":0,"124":0,"125":0,"126":0,"128":0,"133":5,"137":1,"141":0,"145":5,"150":0,"154":0,"158":0,"162":0,"166":5},"path":"/mnt/c/Users/samuele/Desktop/Solidity/EtherJS/Solidity/Lottery/contracts/Lottery.sol","s":{"1":5,"2":4,"3":3,"4":3,"5":1,"6":1,"7":1,"8":1,"9":1,"10":1,"11":1,"12":1,"13":0,"14":0,"15":0,"16":0,"17":0,"18":5,"19":1,"20":0,"21":5,"22":0,"23":0,"24":0,"25":0,"26":5},"b":{"1":[1,4],"2":[1,3],"3":[0,1],"4":[0,0]},"f":{"1":3,"2":5,"3":1,"4":1,"5":0,"6":5,"7":1,"8":0,"9":5,"10":0,"11":0,"12":0,"13":0,"14":5},"fnMap":{"1":{"name":"constructor","line":53,"loc":{"start":{"line":46,"column":4},"end":{"line":62,"column":4}}},"2":{"name":"enterRaffle","line":64,"loc":{"start":{"line":64,"column":4},"end":{"line":74,"column":4}}},"3":{"name":"checkUpkeep","line":86,"loc":{"start":{"line":86,"column":4},"end":{"line":92,"column":4}}},"4":{"name":"performUpkeep","line":94,"loc":{"start":{"line":94,"column":4},"end":{"line":111,"column":4}}},"5":{"name":"fulfillRandomWords","line":114,"loc":{"start":{"line":114,"column":4},"end":{"line":129,"column":4}}},"6":{"name":"getEntranceAmount","line":132,"loc":{"start":{"line":132,"column":4},"end":{"line":134,"column":4}}},"7":{"name":"getPlayer","line":136,"loc":{"start":{"line":136,"column":4},"end":{"line":138,"column":4}}},"8":{"name":"getRecentWinner","line":140,"loc":{"start":{"line":140,"column":4},"end":{"line":142,"column":4}}},"9":{"name":"getLotteryState","line":144,"loc":{"start":{"line":144,"column":4},"end":{"line":146,"column":4}}},"10":{"name":"getNumWords","line":149,"loc":{"start":{"line":149,"column":4},"end":{"line":151,"column":4}}},"11":{"name":"getNumberPlayers","line":153,"loc":{"start":{"line":153,"column":4},"end":{"line":155,"column":4}}},"12":{"name":"getLatestTimeStamp","line":157,"loc":{"start":{"line":157,"column":4},"end":{"line":159,"column":4}}},"13":{"name":"getRequestInformations","line":161,"loc":{"start":{"line":161,"column":4},"end":{"line":163,"column":4}}},"14":{"name":"getInterval","line":165,"loc":{"start":{"line":165,"column":4},"end":{"line":167,"column":4}}}},"statementMap":{"1":{"start":{"line":65,"column":8},"end":{"line":65,"column":2493}},"2":{"start":{"line":68,"column":8},"end":{"line":68,"column":2598}},"3":{"start":{"line":71,"column":8},"end":{"line":71,"column":42}},"4":{"start":{"line":73,"column":8},"end":{"line":73,"column":46}},"5":{"start":{"line":87,"column":8},"end":{"line":87,"column":59}},"6":{"start":{"line":88,"column":8},"end":{"line":88,"column":80}},"7":{"start":{"line":89,"column":8},"end":{"line":89,"column":50}},"8":{"start":{"line":90,"column":8},"end":{"line":90,"column":55}},"9":{"start":{"line":95,"column":8},"end":{"line":95,"column":47}},"10":{"start":{"line":96,"column":8},"end":{"line":96,"column":4020}},"11":{"start":{"line":103,"column":8},"end":{"line":103,"column":4364}},"12":{"start":{"line":110,"column":8},"end":{"line":110,"column":44}},"13":{"start":{"line":116,"column":8},"end":{"line":116,"column":65}},"14":{"start":{"line":117,"column":8},"end":{"line":117,"column":63}},"15":{"start":{"line":124,"column":8},"end":{"line":124,"column":76}},"16":{"start":{"line":125,"column":8},"end":{"line":125,"column":5587}},"17":{"start":{"line":128,"column":8},"end":{"line":128,"column":37}},"18":{"start":{"line":133,"column":8},"end":{"line":133,"column":30}},"19":{"start":{"line":137,"column":8},"end":{"line":137,"column":31}},"20":{"start":{"line":141,"column":8},"end":{"line":141,"column":29}},"21":{"start":{"line":145,"column":8},"end":{"line":145,"column":29}},"22":{"start":{"line":150,"column":8},"end":{"line":150,"column":23}},"23":{"start":{"line":154,"column":8},"end":{"line":154,"column":31}},"24":{"start":{"line":158,"column":8},"end":{"line":158,"column":31}},"25":{"start":{"line":162,"column":8},"end":{"line":162,"column":34}},"26":{"start":{"line":166,"column":8},"end":{"line":166,"column":25}}},"branchMap":{"1":{"line":65,"type":"if","locations":[{"start":{"line":65,"column":8},"end":{"line":65,"column":8}},{"start":{"line":65,"column":8},"end":{"line":65,"column":8}}]},"2":{"line":68,"type":"if","locations":[{"start":{"line":68,"column":8},"end":{"line":68,"column":8}},{"start":{"line":68,"column":8},"end":{"line":68,"column":8}}]},"3":{"line":96,"type":"if","locations":[{"start":{"line":96,"column":8},"end":{"line":96,"column":8}},{"start":{"line":96,"column":8},"end":{"line":96,"column":8}}]},"4":{"line":125,"type":"if","locations":[{"start":{"line":125,"column":8},"end":{"line":125,"column":8}},{"start":{"line":125,"column":8},"end":{"line":125,"column":8}}]}}},"contracts/mocks/VRFCoordinatorV2Mock.sol":{"l":{},"path":"/mnt/c/Users/samuele/Desktop/Solidity/EtherJS/Solidity/Lottery/contracts/mocks/VRFCoordinatorV2Mock.sol","s":{},"b":{},"f":{},"fnMap":{},"statementMap":{},"branchMap":{}}}